Requirement already satisfied: pip in /gpfs/helios/home/joshua1/miniconda3/lib/python3.12/site-packages (24.2)
Collecting pip
  Downloading pip-24.3.1-py3-none-any.whl.metadata (3.7 kB)
Requirement already satisfied: setuptools in /gpfs/helios/home/joshua1/miniconda3/lib/python3.12/site-packages (75.1.0)
Collecting setuptools
  Downloading setuptools-75.6.0-py3-none-any.whl.metadata (6.7 kB)
Requirement already satisfied: wheel in /gpfs/helios/home/joshua1/miniconda3/lib/python3.12/site-packages (0.44.0)
Collecting wheel
  Using cached wheel-0.45.1-py3-none-any.whl.metadata (2.3 kB)
Downloading pip-24.3.1-py3-none-any.whl (1.8 MB)
   ━━━━━━━━━━━━━━━━━━━━━━━━━━━━━━━━━━━━━━━━ 1.8/1.8 MB 37.4 MB/s eta 0:00:00
Downloading setuptools-75.6.0-py3-none-any.whl (1.2 MB)
   ━━━━━━━━━━━━━━━━━━━━━━━━━━━━━━━━━━━━━━━━ 1.2/1.2 MB 44.4 MB/s eta 0:00:00
Using cached wheel-0.45.1-py3-none-any.whl (72 kB)
Installing collected packages: wheel, setuptools, pip
  Attempting uninstall: wheel
    Found existing installation: wheel 0.44.0
    Uninstalling wheel-0.44.0:
      Successfully uninstalled wheel-0.44.0
  Attempting uninstall: setuptools
    Found existing installation: setuptools 75.1.0
    Uninstalling setuptools-75.1.0:
      Successfully uninstalled setuptools-75.1.0
  Attempting uninstall: pip
    Found existing installation: pip 24.2
    Uninstalling pip-24.2:
      Successfully uninstalled pip-24.2
Successfully installed pip-24.3.1 setuptools-75.6.0 wheel-0.45.1
Collecting kiss-icp
  Using cached kiss_icp-1.1.0-cp312-cp312-manylinux_2_17_x86_64.manylinux2014_x86_64.whl.metadata (6.4 kB)
Collecting natsort (from kiss-icp)
  Using cached natsort-8.4.0-py3-none-any.whl.metadata (21 kB)
Collecting numpy (from kiss-icp)
  Downloading numpy-2.2.0-cp312-cp312-manylinux_2_17_x86_64.manylinux2014_x86_64.whl.metadata (62 kB)
Collecting plyfile (from kiss-icp)
  Using cached plyfile-1.1-py3-none-any.whl.metadata (2.1 kB)
Collecting pydantic>=2 (from kiss-icp)
  Using cached pydantic-2.10.3-py3-none-any.whl.metadata (172 kB)
Collecting pydantic-settings (from kiss-icp)
  Using cached pydantic_settings-2.7.0-py3-none-any.whl.metadata (3.5 kB)
Collecting pyquaternion (from kiss-icp)
  Using cached pyquaternion-0.9.9-py3-none-any.whl.metadata (1.4 kB)
Collecting rich (from kiss-icp)
  Using cached rich-13.9.4-py3-none-any.whl.metadata (18 kB)
Requirement already satisfied: tqdm in /gpfs/helios/home/joshua1/miniconda3/lib/python3.12/site-packages (from kiss-icp) (4.66.5)
Collecting typer>=0.6.0 (from typer[all]>=0.6.0->kiss-icp)
  Using cached typer-0.15.1-py3-none-any.whl.metadata (15 kB)
Collecting annotated-types>=0.6.0 (from pydantic>=2->kiss-icp)
  Using cached annotated_types-0.7.0-py3-none-any.whl.metadata (15 kB)
Collecting pydantic-core==2.27.1 (from pydantic>=2->kiss-icp)
  Using cached pydantic_core-2.27.1-cp312-cp312-manylinux_2_17_x86_64.manylinux2014_x86_64.whl.metadata (6.6 kB)
Collecting typing-extensions>=4.12.2 (from pydantic>=2->kiss-icp)
  Downloading typing_extensions-4.12.2-py3-none-any.whl.metadata (3.0 kB)
Collecting click>=8.0.0 (from typer>=0.6.0->typer[all]>=0.6.0->kiss-icp)
  Downloading click-8.1.7-py3-none-any.whl.metadata (3.0 kB)
Collecting shellingham>=1.3.0 (from typer>=0.6.0->typer[all]>=0.6.0->kiss-icp)
  Using cached shellingham-1.5.4-py2.py3-none-any.whl.metadata (3.5 kB)
Collecting markdown-it-py>=2.2.0 (from rich->kiss-icp)
  Using cached markdown_it_py-3.0.0-py3-none-any.whl.metadata (6.9 kB)
Collecting pygments<3.0.0,>=2.13.0 (from rich->kiss-icp)
  Downloading pygments-2.18.0-py3-none-any.whl.metadata (2.5 kB)
Collecting python-dotenv>=0.21.0 (from pydantic-settings->kiss-icp)
  Using cached python_dotenv-1.0.1-py3-none-any.whl.metadata (23 kB)
Collecting mdurl~=0.1 (from markdown-it-py>=2.2.0->rich->kiss-icp)
  Using cached mdurl-0.1.2-py3-none-any.whl.metadata (1.6 kB)
Using cached kiss_icp-1.1.0-cp312-cp312-manylinux_2_17_x86_64.manylinux2014_x86_64.whl (415 kB)
Using cached pydantic-2.10.3-py3-none-any.whl (456 kB)
Using cached pydantic_core-2.27.1-cp312-cp312-manylinux_2_17_x86_64.manylinux2014_x86_64.whl (2.2 MB)
Using cached typer-0.15.1-py3-none-any.whl (44 kB)
Using cached rich-13.9.4-py3-none-any.whl (242 kB)
Using cached natsort-8.4.0-py3-none-any.whl (38 kB)
Downloading numpy-2.2.0-cp312-cp312-manylinux_2_17_x86_64.manylinux2014_x86_64.whl (16.1 MB)
   ━━━━━━━━━━━━━━━━━━━━━━━━━━━━━━━━━━━━━━━━ 16.1/16.1 MB 77.4 MB/s eta 0:00:00
Using cached plyfile-1.1-py3-none-any.whl (23 kB)
Using cached pydantic_settings-2.7.0-py3-none-any.whl (29 kB)
Using cached pyquaternion-0.9.9-py3-none-any.whl (14 kB)
Using cached annotated_types-0.7.0-py3-none-any.whl (13 kB)
Downloading click-8.1.7-py3-none-any.whl (97 kB)
Using cached markdown_it_py-3.0.0-py3-none-any.whl (87 kB)
Downloading pygments-2.18.0-py3-none-any.whl (1.2 MB)
   ━━━━━━━━━━━━━━━━━━━━━━━━━━━━━━━━━━━━━━━━ 1.2/1.2 MB 41.2 MB/s eta 0:00:00
Using cached python_dotenv-1.0.1-py3-none-any.whl (19 kB)
Using cached shellingham-1.5.4-py2.py3-none-any.whl (9.8 kB)
Downloading typing_extensions-4.12.2-py3-none-any.whl (37 kB)
Using cached mdurl-0.1.2-py3-none-any.whl (10.0 kB)
Installing collected packages: typing-extensions, shellingham, python-dotenv, pygments, numpy, natsort, mdurl, click, annotated-types, pyquaternion, pydantic-core, plyfile, markdown-it-py, rich, pydantic, typer, pydantic-settings, kiss-icp
Successfully installed annotated-types-0.7.0 click-8.1.7 kiss-icp-1.1.0 markdown-it-py-3.0.0 mdurl-0.1.2 natsort-8.4.0 numpy-2.2.0 plyfile-1.1 pydantic-2.10.3 pydantic-core-2.27.1 pydantic-settings-2.7.0 pygments-2.18.0 pyquaternion-0.9.9 python-dotenv-1.0.1 rich-13.9.4 shellingham-1.5.4 typer-0.15.1 typing-extensions-4.12.2
Trying to guess how to read your data: `pip install "kiss-icp[all]"` is required
[ERROR], File format not supported
