Defaulting to user installation because normal site-packages is not writeable
Requirement already satisfied: addict==2.4.0 in /gpfs/helios/home/joshua1/.local/lib/python3.9/site-packages (from -r requirements.txt (line 1)) (2.4.0)
Requirement already satisfied: asttokens==3.0.0 in /gpfs/helios/home/joshua1/.local/lib/python3.9/site-packages (from -r requirements.txt (line 2)) (3.0.0)
Requirement already satisfied: attrs==24.2.0 in /gpfs/helios/home/joshua1/.local/lib/python3.9/site-packages (from -r requirements.txt (line 3)) (24.2.0)
Requirement already satisfied: blinker==1.9.0 in /gpfs/helios/home/joshua1/.local/lib/python3.9/site-packages (from -r requirements.txt (line 4)) (1.9.0)
Requirement already satisfied: certifi==2024.12.14 in /gpfs/helios/home/joshua1/.local/lib/python3.9/site-packages (from -r requirements.txt (line 5)) (2024.12.14)
Requirement already satisfied: charset-normalizer==3.4.0 in /gpfs/helios/home/joshua1/.local/lib/python3.9/site-packages (from -r requirements.txt (line 6)) (3.4.0)
Requirement already satisfied: click==8.1.7 in /gpfs/helios/home/joshua1/.local/lib/python3.9/site-packages (from -r requirements.txt (line 7)) (8.1.7)
Requirement already satisfied: comm==0.2.2 in /gpfs/helios/home/joshua1/.local/lib/python3.9/site-packages (from -r requirements.txt (line 8)) (0.2.2)
Requirement already satisfied: ConfigArgParse==1.7 in /gpfs/helios/home/joshua1/.local/lib/python3.9/site-packages (from -r requirements.txt (line 9)) (1.7)
Requirement already satisfied: contourpy==1.3.0 in /gpfs/helios/home/joshua1/.local/lib/python3.9/site-packages (from -r requirements.txt (line 10)) (1.3.0)
Requirement already satisfied: cycler==0.12.1 in /gpfs/helios/home/joshua1/.local/lib/python3.9/site-packages (from -r requirements.txt (line 11)) (0.12.1)
Requirement already satisfied: dash==2.18.2 in /gpfs/helios/home/joshua1/.local/lib/python3.9/site-packages (from -r requirements.txt (line 12)) (2.18.2)
Requirement already satisfied: dash-core-components==2.0.0 in /gpfs/helios/home/joshua1/.local/lib/python3.9/site-packages (from -r requirements.txt (line 13)) (2.0.0)
Requirement already satisfied: dash-html-components==2.0.0 in /gpfs/helios/home/joshua1/.local/lib/python3.9/site-packages (from -r requirements.txt (line 14)) (2.0.0)
Requirement already satisfied: dash-table==5.0.0 in /gpfs/helios/home/joshua1/.local/lib/python3.9/site-packages (from -r requirements.txt (line 15)) (5.0.0)
Requirement already satisfied: decorator==5.1.1 in /gpfs/helios/home/joshua1/.local/lib/python3.9/site-packages (from -r requirements.txt (line 16)) (5.1.1)
Requirement already satisfied: exceptiongroup==1.2.2 in /gpfs/helios/home/joshua1/.local/lib/python3.9/site-packages (from -r requirements.txt (line 17)) (1.2.2)
Requirement already satisfied: executing==2.1.0 in /gpfs/helios/home/joshua1/.local/lib/python3.9/site-packages (from -r requirements.txt (line 18)) (2.1.0)
Requirement already satisfied: fastjsonschema==2.21.1 in /gpfs/helios/home/joshua1/.local/lib/python3.9/site-packages (from -r requirements.txt (line 19)) (2.21.1)
Requirement already satisfied: Flask==3.0.3 in /gpfs/helios/home/joshua1/.local/lib/python3.9/site-packages (from -r requirements.txt (line 20)) (3.0.3)
Requirement already satisfied: fonttools==4.55.3 in /gpfs/helios/home/joshua1/.local/lib/python3.9/site-packages (from -r requirements.txt (line 21)) (4.55.3)
Requirement already satisfied: idna==3.10 in /gpfs/helios/home/joshua1/.local/lib/python3.9/site-packages (from -r requirements.txt (line 22)) (3.10)
Requirement already satisfied: importlib_metadata==8.5.0 in /gpfs/helios/home/joshua1/.local/lib/python3.9/site-packages (from -r requirements.txt (line 23)) (8.5.0)
Requirement already satisfied: importlib_resources==6.4.5 in /gpfs/helios/home/joshua1/.local/lib/python3.9/site-packages (from -r requirements.txt (line 24)) (6.4.5)
Requirement already satisfied: ipython==8.18.1 in /gpfs/helios/home/joshua1/.local/lib/python3.9/site-packages (from -r requirements.txt (line 25)) (8.18.1)
Requirement already satisfied: ipywidgets==8.1.5 in /gpfs/helios/home/joshua1/.local/lib/python3.9/site-packages (from -r requirements.txt (line 26)) (8.1.5)
Requirement already satisfied: itsdangerous==2.2.0 in /gpfs/helios/home/joshua1/.local/lib/python3.9/site-packages (from -r requirements.txt (line 27)) (2.2.0)
Requirement already satisfied: jedi==0.19.2 in /gpfs/helios/home/joshua1/.local/lib/python3.9/site-packages (from -r requirements.txt (line 28)) (0.19.2)
Requirement already satisfied: Jinja2==3.1.4 in /gpfs/helios/home/joshua1/.local/lib/python3.9/site-packages (from -r requirements.txt (line 29)) (3.1.4)
Requirement already satisfied: joblib==1.4.2 in /gpfs/helios/home/joshua1/.local/lib/python3.9/site-packages (from -r requirements.txt (line 30)) (1.4.2)
Requirement already satisfied: jsonschema==4.23.0 in /gpfs/helios/home/joshua1/.local/lib/python3.9/site-packages (from -r requirements.txt (line 31)) (4.23.0)
Requirement already satisfied: jsonschema-specifications==2024.10.1 in /gpfs/helios/home/joshua1/.local/lib/python3.9/site-packages (from -r requirements.txt (line 32)) (2024.10.1)
Requirement already satisfied: jupyter_core==5.7.2 in /gpfs/helios/home/joshua1/.local/lib/python3.9/site-packages (from -r requirements.txt (line 33)) (5.7.2)
Requirement already satisfied: jupyterlab_widgets==3.0.13 in /gpfs/helios/home/joshua1/.local/lib/python3.9/site-packages (from -r requirements.txt (line 34)) (3.0.13)
Requirement already satisfied: kiwisolver==1.4.7 in /gpfs/helios/home/joshua1/.local/lib/python3.9/site-packages (from -r requirements.txt (line 35)) (1.4.7)
Requirement already satisfied: MarkupSafe==3.0.2 in /gpfs/helios/home/joshua1/.local/lib/python3.9/site-packages (from -r requirements.txt (line 36)) (3.0.2)
Requirement already satisfied: matplotlib==3.9.4 in /gpfs/helios/home/joshua1/.local/lib/python3.9/site-packages (from -r requirements.txt (line 37)) (3.9.4)
Requirement already satisfied: matplotlib-inline==0.1.7 in /gpfs/helios/home/joshua1/.local/lib/python3.9/site-packages (from -r requirements.txt (line 38)) (0.1.7)
Requirement already satisfied: nbformat==5.10.4 in /gpfs/helios/home/joshua1/.local/lib/python3.9/site-packages (from -r requirements.txt (line 39)) (5.10.4)
Requirement already satisfied: nest-asyncio==1.6.0 in /gpfs/helios/home/joshua1/.local/lib/python3.9/site-packages (from -r requirements.txt (line 40)) (1.6.0)
Requirement already satisfied: numpy==2.0.2 in /gpfs/helios/home/joshua1/.local/lib/python3.9/site-packages (from -r requirements.txt (line 41)) (2.0.2)
Requirement already satisfied: open3d==0.18.0 in /gpfs/helios/home/joshua1/.local/lib/python3.9/site-packages (from -r requirements.txt (line 42)) (0.18.0)
Requirement already satisfied: packaging==24.2 in /gpfs/helios/home/joshua1/.local/lib/python3.9/site-packages (from -r requirements.txt (line 43)) (24.2)
Requirement already satisfied: pandas==2.2.3 in /gpfs/helios/home/joshua1/.local/lib/python3.9/site-packages (from -r requirements.txt (line 44)) (2.2.3)
Requirement already satisfied: parso==0.8.4 in /gpfs/helios/home/joshua1/.local/lib/python3.9/site-packages (from -r requirements.txt (line 45)) (0.8.4)
Requirement already satisfied: pexpect==4.9.0 in /gpfs/helios/home/joshua1/.local/lib/python3.9/site-packages (from -r requirements.txt (line 46)) (4.9.0)
Requirement already satisfied: pillow==11.0.0 in /gpfs/helios/home/joshua1/.local/lib/python3.9/site-packages (from -r requirements.txt (line 47)) (11.0.0)
Requirement already satisfied: platformdirs==4.3.6 in /gpfs/helios/home/joshua1/.local/lib/python3.9/site-packages (from -r requirements.txt (line 48)) (4.3.6)
Requirement already satisfied: plotly==5.24.1 in /gpfs/helios/home/joshua1/.local/lib/python3.9/site-packages (from -r requirements.txt (line 49)) (5.24.1)
Requirement already satisfied: prompt_toolkit==3.0.48 in /gpfs/helios/home/joshua1/.local/lib/python3.9/site-packages (from -r requirements.txt (line 50)) (3.0.48)
Requirement already satisfied: ptyprocess==0.7.0 in /gpfs/helios/home/joshua1/.local/lib/python3.9/site-packages (from -r requirements.txt (line 51)) (0.7.0)
Requirement already satisfied: pure_eval==0.2.3 in /gpfs/helios/home/joshua1/.local/lib/python3.9/site-packages (from -r requirements.txt (line 52)) (0.2.3)
Requirement already satisfied: Pygments==2.18.0 in /gpfs/helios/home/joshua1/.local/lib/python3.9/site-packages (from -r requirements.txt (line 53)) (2.18.0)
Requirement already satisfied: pyparsing==3.2.0 in /gpfs/helios/home/joshua1/.local/lib/python3.9/site-packages (from -r requirements.txt (line 54)) (3.2.0)
Requirement already satisfied: pyquaternion==0.9.9 in /gpfs/helios/home/joshua1/.local/lib/python3.9/site-packages (from -r requirements.txt (line 55)) (0.9.9)
Requirement already satisfied: python-dateutil==2.9.0.post0 in /gpfs/helios/home/joshua1/.local/lib/python3.9/site-packages (from -r requirements.txt (line 56)) (2.9.0.post0)
Requirement already satisfied: pytz==2024.2 in /gpfs/helios/home/joshua1/.local/lib/python3.9/site-packages (from -r requirements.txt (line 57)) (2024.2)
Requirement already satisfied: PyYAML==6.0.2 in /gpfs/helios/home/joshua1/.local/lib/python3.9/site-packages (from -r requirements.txt (line 58)) (6.0.2)
Requirement already satisfied: referencing==0.35.1 in /gpfs/helios/home/joshua1/.local/lib/python3.9/site-packages (from -r requirements.txt (line 59)) (0.35.1)
Requirement already satisfied: requests==2.32.3 in /gpfs/helios/home/joshua1/.local/lib/python3.9/site-packages (from -r requirements.txt (line 60)) (2.32.3)
Requirement already satisfied: retrying==1.3.4 in /gpfs/helios/home/joshua1/.local/lib/python3.9/site-packages (from -r requirements.txt (line 61)) (1.3.4)
Requirement already satisfied: rpds-py==0.22.3 in /gpfs/helios/home/joshua1/.local/lib/python3.9/site-packages (from -r requirements.txt (line 62)) (0.22.3)
Requirement already satisfied: scikit-learn==1.6.0 in /gpfs/helios/home/joshua1/.local/lib/python3.9/site-packages (from -r requirements.txt (line 63)) (1.6.0)
Requirement already satisfied: scipy==1.13.1 in /gpfs/helios/home/joshua1/.local/lib/python3.9/site-packages (from -r requirements.txt (line 64)) (1.13.1)
Requirement already satisfied: six==1.17.0 in /gpfs/helios/home/joshua1/.local/lib/python3.9/site-packages (from -r requirements.txt (line 65)) (1.17.0)
Requirement already satisfied: stack-data==0.6.3 in /gpfs/helios/home/joshua1/.local/lib/python3.9/site-packages (from -r requirements.txt (line 66)) (0.6.3)
Requirement already satisfied: tenacity==9.0.0 in /gpfs/helios/home/joshua1/.local/lib/python3.9/site-packages (from -r requirements.txt (line 67)) (9.0.0)
Requirement already satisfied: threadpoolctl==3.5.0 in /gpfs/helios/home/joshua1/.local/lib/python3.9/site-packages (from -r requirements.txt (line 68)) (3.5.0)
Requirement already satisfied: tqdm==4.67.1 in /gpfs/helios/home/joshua1/.local/lib/python3.9/site-packages (from -r requirements.txt (line 69)) (4.67.1)
Requirement already satisfied: traitlets==5.14.3 in /gpfs/helios/home/joshua1/.local/lib/python3.9/site-packages (from -r requirements.txt (line 70)) (5.14.3)
Requirement already satisfied: typing_extensions==4.12.2 in /gpfs/helios/home/joshua1/.local/lib/python3.9/site-packages (from -r requirements.txt (line 71)) (4.12.2)
Requirement already satisfied: tzdata==2024.2 in /gpfs/helios/home/joshua1/.local/lib/python3.9/site-packages (from -r requirements.txt (line 72)) (2024.2)
Requirement already satisfied: urllib3==2.2.3 in /gpfs/helios/home/joshua1/.local/lib/python3.9/site-packages (from -r requirements.txt (line 73)) (2.2.3)
Requirement already satisfied: wcwidth==0.2.13 in /gpfs/helios/home/joshua1/.local/lib/python3.9/site-packages (from -r requirements.txt (line 74)) (0.2.13)
Requirement already satisfied: Werkzeug==3.0.6 in /gpfs/helios/home/joshua1/.local/lib/python3.9/site-packages (from -r requirements.txt (line 75)) (3.0.6)
Requirement already satisfied: widgetsnbextension==4.0.13 in /gpfs/helios/home/joshua1/.local/lib/python3.9/site-packages (from -r requirements.txt (line 76)) (4.0.13)
Requirement already satisfied: zipp==3.21.0 in /gpfs/helios/home/joshua1/.local/lib/python3.9/site-packages (from -r requirements.txt (line 77)) (3.21.0)
Requirement already satisfied: setuptools in /usr/lib/python3.9/site-packages (from dash==2.18.2->-r requirements.txt (line 12)) (53.0.0)
