Collecting addict==2.4.0 (from -r requirements.txt (line 1))
  Downloading addict-2.4.0-py3-none-any.whl.metadata (1.0 kB)
Collecting asttokens==3.0.0 (from -r requirements.txt (line 2))
  Downloading asttokens-3.0.0-py3-none-any.whl.metadata (4.7 kB)
Requirement already satisfied: attrs==24.2.0 in /gpfs/helios/home/joshua1/miniconda3/envs/lidar_project/lib/python3.12/site-packages (from -r requirements.txt (line 3)) (24.2.0)
Collecting blinker==1.9.0 (from -r requirements.txt (line 4))
  Downloading blinker-1.9.0-py3-none-any.whl.metadata (1.6 kB)
Collecting certifi==2024.12.14 (from -r requirements.txt (line 5))
  Downloading certifi-2024.12.14-py3-none-any.whl.metadata (2.3 kB)
Requirement already satisfied: charset-normalizer==3.4.0 in /gpfs/helios/home/joshua1/miniconda3/envs/lidar_project/lib/python3.12/site-packages (from -r requirements.txt (line 6)) (3.4.0)
Requirement already satisfied: click==8.1.7 in /gpfs/helios/home/joshua1/miniconda3/envs/lidar_project/lib/python3.12/site-packages (from -r requirements.txt (line 7)) (8.1.7)
Requirement already satisfied: comm==0.2.2 in /gpfs/helios/home/joshua1/miniconda3/envs/lidar_project/lib/python3.12/site-packages (from -r requirements.txt (line 8)) (0.2.2)
Collecting ConfigArgParse==1.7 (from -r requirements.txt (line 9))
  Downloading ConfigArgParse-1.7-py3-none-any.whl.metadata (23 kB)
Requirement already satisfied: contourpy==1.3.0 in /gpfs/helios/home/joshua1/miniconda3/envs/lidar_project/lib/python3.12/site-packages (from -r requirements.txt (line 10)) (1.3.0)
Requirement already satisfied: cycler==0.12.1 in /gpfs/helios/home/joshua1/miniconda3/envs/lidar_project/lib/python3.12/site-packages (from -r requirements.txt (line 11)) (0.12.1)
Collecting dash==2.18.2 (from -r requirements.txt (line 12))
  Downloading dash-2.18.2-py3-none-any.whl.metadata (10 kB)
Collecting dash-core-components==2.0.0 (from -r requirements.txt (line 13))
  Downloading dash_core_components-2.0.0-py3-none-any.whl.metadata (2.9 kB)
Collecting dash-html-components==2.0.0 (from -r requirements.txt (line 14))
  Downloading dash_html_components-2.0.0-py3-none-any.whl.metadata (3.8 kB)
Collecting dash-table==5.0.0 (from -r requirements.txt (line 15))
  Downloading dash_table-5.0.0-py3-none-any.whl.metadata (2.4 kB)
Requirement already satisfied: decorator==5.1.1 in /gpfs/helios/home/joshua1/miniconda3/envs/lidar_project/lib/python3.12/site-packages (from -r requirements.txt (line 16)) (5.1.1)
Requirement already satisfied: exceptiongroup==1.2.2 in /gpfs/helios/home/joshua1/miniconda3/envs/lidar_project/lib/python3.12/site-packages (from -r requirements.txt (line 17)) (1.2.2)
Requirement already satisfied: executing==2.1.0 in /gpfs/helios/home/joshua1/miniconda3/envs/lidar_project/lib/python3.12/site-packages (from -r requirements.txt (line 18)) (2.1.0)
Collecting fastjsonschema==2.21.1 (from -r requirements.txt (line 19))
  Downloading fastjsonschema-2.21.1-py3-none-any.whl.metadata (2.2 kB)
Requirement already satisfied: Flask==3.0.3 in /gpfs/helios/home/joshua1/miniconda3/envs/lidar_project/lib/python3.12/site-packages (from -r requirements.txt (line 20)) (3.0.3)
Collecting fonttools==4.55.3 (from -r requirements.txt (line 21))
  Downloading fonttools-4.55.3-cp312-cp312-manylinux_2_5_x86_64.manylinux1_x86_64.manylinux_2_17_x86_64.manylinux2014_x86_64.whl.metadata (165 kB)
Requirement already satisfied: idna==3.10 in /gpfs/helios/home/joshua1/miniconda3/envs/lidar_project/lib/python3.12/site-packages (from -r requirements.txt (line 22)) (3.10)
Requirement already satisfied: importlib_metadata==8.5.0 in /gpfs/helios/home/joshua1/miniconda3/envs/lidar_project/lib/python3.12/site-packages (from -r requirements.txt (line 23)) (8.5.0)
Requirement already satisfied: importlib_resources==6.4.5 in /gpfs/helios/home/joshua1/miniconda3/envs/lidar_project/lib/python3.12/site-packages (from -r requirements.txt (line 24)) (6.4.5)
Collecting ipython==8.18.1 (from -r requirements.txt (line 25))
  Downloading ipython-8.18.1-py3-none-any.whl.metadata (6.0 kB)
Requirement already satisfied: ipywidgets==8.1.5 in /gpfs/helios/home/joshua1/miniconda3/envs/lidar_project/lib/python3.12/site-packages (from -r requirements.txt (line 26)) (8.1.5)
Requirement already satisfied: itsdangerous==2.2.0 in /gpfs/helios/home/joshua1/miniconda3/envs/lidar_project/lib/python3.12/site-packages (from -r requirements.txt (line 27)) (2.2.0)
Collecting jedi==0.19.2 (from -r requirements.txt (line 28))
  Downloading jedi-0.19.2-py2.py3-none-any.whl.metadata (22 kB)
Requirement already satisfied: Jinja2==3.1.4 in /gpfs/helios/home/joshua1/miniconda3/envs/lidar_project/lib/python3.12/site-packages (from -r requirements.txt (line 29)) (3.1.4)
Requirement already satisfied: joblib==1.4.2 in /gpfs/helios/home/joshua1/miniconda3/envs/lidar_project/lib/python3.12/site-packages (from -r requirements.txt (line 30)) (1.4.2)
Requirement already satisfied: jsonschema==4.23.0 in /gpfs/helios/home/joshua1/miniconda3/envs/lidar_project/lib/python3.12/site-packages (from -r requirements.txt (line 31)) (4.23.0)
Requirement already satisfied: jsonschema-specifications==2024.10.1 in /gpfs/helios/home/joshua1/miniconda3/envs/lidar_project/lib/python3.12/site-packages (from -r requirements.txt (line 32)) (2024.10.1)
Requirement already satisfied: jupyter_core==5.7.2 in /gpfs/helios/home/joshua1/miniconda3/envs/lidar_project/lib/python3.12/site-packages (from -r requirements.txt (line 33)) (5.7.2)
Requirement already satisfied: jupyterlab_widgets==3.0.13 in /gpfs/helios/home/joshua1/miniconda3/envs/lidar_project/lib/python3.12/site-packages (from -r requirements.txt (line 34)) (3.0.13)
Requirement already satisfied: kiwisolver==1.4.7 in /gpfs/helios/home/joshua1/miniconda3/envs/lidar_project/lib/python3.12/site-packages (from -r requirements.txt (line 35)) (1.4.7)
Requirement already satisfied: MarkupSafe==3.0.2 in /gpfs/helios/home/joshua1/miniconda3/envs/lidar_project/lib/python3.12/site-packages (from -r requirements.txt (line 36)) (3.0.2)
Collecting matplotlib==3.9.4 (from -r requirements.txt (line 37))
  Downloading matplotlib-3.9.4-cp312-cp312-manylinux_2_17_x86_64.manylinux2014_x86_64.whl.metadata (11 kB)
Requirement already satisfied: matplotlib-inline==0.1.7 in /gpfs/helios/home/joshua1/miniconda3/envs/lidar_project/lib/python3.12/site-packages (from -r requirements.txt (line 38)) (0.1.7)
Requirement already satisfied: nbformat==5.10.4 in /gpfs/helios/home/joshua1/miniconda3/envs/lidar_project/lib/python3.12/site-packages (from -r requirements.txt (line 39)) (5.10.4)
Requirement already satisfied: nest-asyncio==1.6.0 in /gpfs/helios/home/joshua1/miniconda3/envs/lidar_project/lib/python3.12/site-packages (from -r requirements.txt (line 40)) (1.6.0)
Collecting numpy==2.0.2 (from -r requirements.txt (line 41))
  Downloading numpy-2.0.2-cp312-cp312-manylinux_2_17_x86_64.manylinux2014_x86_64.whl.metadata (60 kB)
Loaded transformations shape: (805, 4, 4)
Number of pcd files found: 805
Number of transformations: 805

Processing transformation 1/805
Chamfer Distance between transformed PCD 0 and PCD 1: 0.154883
