Defaulting to user installation because normal site-packages is not writeable
Collecting addict==2.4.0
  Using cached addict-2.4.0-py3-none-any.whl (3.8 kB)
Collecting asttokens==3.0.0
  Using cached asttokens-3.0.0-py3-none-any.whl (26 kB)
Collecting attrs==24.2.0
  Using cached attrs-24.2.0-py3-none-any.whl (63 kB)
Collecting blinker==1.9.0
  Using cached blinker-1.9.0-py3-none-any.whl (8.5 kB)
Collecting certifi==2024.12.14
  Using cached certifi-2024.12.14-py3-none-any.whl (164 kB)
Collecting charset-normalizer==3.4.0
  Using cached charset_normalizer-3.4.0-cp39-cp39-manylinux_2_17_x86_64.manylinux2014_x86_64.whl (144 kB)
Collecting click==8.1.7
  Using cached click-8.1.7-py3-none-any.whl (97 kB)
Collecting comm==0.2.2
  Using cached comm-0.2.2-py3-none-any.whl (7.2 kB)
Collecting ConfigArgParse==1.7
  Using cached ConfigArgParse-1.7-py3-none-any.whl (25 kB)
Collecting contourpy==1.3.0
  Using cached contourpy-1.3.0-cp39-cp39-manylinux_2_17_x86_64.manylinux2014_x86_64.whl (321 kB)
Collecting cycler==0.12.1
  Using cached cycler-0.12.1-py3-none-any.whl (8.3 kB)
Collecting dash==2.18.2
  Using cached dash-2.18.2-py3-none-any.whl (7.8 MB)
Collecting dash-core-components==2.0.0
  Using cached dash_core_components-2.0.0-py3-none-any.whl (3.8 kB)
Collecting dash-html-components==2.0.0
  Using cached dash_html_components-2.0.0-py3-none-any.whl (4.1 kB)
Collecting dash-table==5.0.0
  Using cached dash_table-5.0.0-py3-none-any.whl (3.9 kB)
Collecting decorator==5.1.1
  Using cached decorator-5.1.1-py3-none-any.whl (9.1 kB)
Collecting exceptiongroup==1.2.2
  Using cached exceptiongroup-1.2.2-py3-none-any.whl (16 kB)
Collecting executing==2.1.0
  Using cached executing-2.1.0-py2.py3-none-any.whl (25 kB)
Collecting fastjsonschema==2.21.1
  Using cached fastjsonschema-2.21.1-py3-none-any.whl (23 kB)
Collecting Flask==3.0.3
  Using cached flask-3.0.3-py3-none-any.whl (101 kB)
Collecting fonttools==4.55.3
  Using cached fonttools-4.55.3-cp39-cp39-manylinux_2_17_x86_64.manylinux2014_x86_64.whl (4.6 MB)
Collecting idna==3.10
  Using cached idna-3.10-py3-none-any.whl (70 kB)
Collecting importlib_metadata==8.5.0
  Using cached importlib_metadata-8.5.0-py3-none-any.whl (26 kB)
Collecting importlib_resources==6.4.5
  Using cached importlib_resources-6.4.5-py3-none-any.whl (36 kB)
Collecting ipython==8.18.1
  Using cached ipython-8.18.1-py3-none-any.whl (808 kB)
Collecting ipywidgets==8.1.5
  Using cached ipywidgets-8.1.5-py3-none-any.whl (139 kB)
Collecting itsdangerous==2.2.0
  Using cached itsdangerous-2.2.0-py3-none-any.whl (16 kB)
Collecting jedi==0.19.2
  Using cached jedi-0.19.2-py2.py3-none-any.whl (1.6 MB)
Collecting Jinja2==3.1.4
  Using cached jinja2-3.1.4-py3-none-any.whl (133 kB)
Collecting joblib==1.4.2
  Using cached joblib-1.4.2-py3-none-any.whl (301 kB)
Collecting jsonschema==4.23.0
  Using cached jsonschema-4.23.0-py3-none-any.whl (88 kB)
Collecting jsonschema-specifications==2024.10.1
  Using cached jsonschema_specifications-2024.10.1-py3-none-any.whl (18 kB)
Collecting jupyter_core==5.7.2
  Using cached jupyter_core-5.7.2-py3-none-any.whl (28 kB)
Collecting jupyterlab_widgets==3.0.13
  Using cached jupyterlab_widgets-3.0.13-py3-none-any.whl (214 kB)
Collecting kiwisolver==1.4.7
  Using cached kiwisolver-1.4.7-cp39-cp39-manylinux_2_12_x86_64.manylinux2010_x86_64.whl (1.6 MB)
Collecting MarkupSafe==3.0.2
  Using cached MarkupSafe-3.0.2-cp39-cp39-manylinux_2_17_x86_64.manylinux2014_x86_64.whl (20 kB)
Collecting matplotlib==3.9.4
  Using cached matplotlib-3.9.4-cp39-cp39-manylinux_2_17_x86_64.manylinux2014_x86_64.whl (8.3 MB)
Collecting matplotlib-inline==0.1.7
  Using cached matplotlib_inline-0.1.7-py3-none-any.whl (9.9 kB)
Collecting nbformat==5.10.4
  Using cached nbformat-5.10.4-py3-none-any.whl (78 kB)
Collecting nest-asyncio==1.6.0
  Using cached nest_asyncio-1.6.0-py3-none-any.whl (5.2 kB)
Collecting numpy==2.0.2
  Using cached numpy-2.0.2-cp39-cp39-manylinux_2_17_x86_64.manylinux2014_x86_64.whl (19.5 MB)
Collecting open3d==0.18.0
  Using cached open3d-0.18.0-cp39-cp39-manylinux_2_27_x86_64.whl (399.7 MB)
Collecting packaging==24.2
  Using cached packaging-24.2-py3-none-any.whl (65 kB)
Collecting pandas==2.2.3
  Using cached pandas-2.2.3-cp39-cp39-manylinux_2_17_x86_64.manylinux2014_x86_64.whl (13.1 MB)
Collecting parso==0.8.4
  Using cached parso-0.8.4-py2.py3-none-any.whl (103 kB)
Collecting pexpect==4.9.0
  Using cached pexpect-4.9.0-py2.py3-none-any.whl (63 kB)
Collecting pillow==11.0.0
  Using cached pillow-11.0.0-cp39-cp39-manylinux_2_28_x86_64.whl (4.4 MB)
Collecting platformdirs==4.3.6
  Using cached platformdirs-4.3.6-py3-none-any.whl (18 kB)
Collecting plotly==5.24.1
  Using cached plotly-5.24.1-py3-none-any.whl (19.1 MB)
Collecting prompt_toolkit==3.0.48
  Using cached prompt_toolkit-3.0.48-py3-none-any.whl (386 kB)
Collecting ptyprocess==0.7.0
  Using cached ptyprocess-0.7.0-py2.py3-none-any.whl (13 kB)
Collecting pure_eval==0.2.3
  Using cached pure_eval-0.2.3-py3-none-any.whl (11 kB)
Collecting Pygments==2.18.0
  Using cached pygments-2.18.0-py3-none-any.whl (1.2 MB)
Collecting pyparsing==3.2.0
  Using cached pyparsing-3.2.0-py3-none-any.whl (106 kB)
Collecting pyquaternion==0.9.9
  Using cached pyquaternion-0.9.9-py3-none-any.whl (14 kB)
Collecting python-dateutil==2.9.0.post0
  Using cached python_dateutil-2.9.0.post0-py2.py3-none-any.whl (229 kB)
Collecting pytz==2024.2
  Using cached pytz-2024.2-py2.py3-none-any.whl (508 kB)
Collecting PyYAML==6.0.2
  Using cached PyYAML-6.0.2-cp39-cp39-manylinux_2_17_x86_64.manylinux2014_x86_64.whl (737 kB)
Collecting referencing==0.35.1
  Using cached referencing-0.35.1-py3-none-any.whl (26 kB)
Collecting requests==2.32.3
  Using cached requests-2.32.3-py3-none-any.whl (64 kB)
Collecting retrying==1.3.4
  Using cached retrying-1.3.4-py3-none-any.whl (11 kB)
Collecting rpds-py==0.22.3
  Using cached rpds_py-0.22.3-cp39-cp39-manylinux_2_17_x86_64.manylinux2014_x86_64.whl (382 kB)
Collecting scikit-learn==1.6.0
  Using cached scikit_learn-1.6.0-cp39-cp39-manylinux_2_17_x86_64.manylinux2014_x86_64.whl (13.5 MB)
Collecting scipy==1.13.1
  Using cached scipy-1.13.1-cp39-cp39-manylinux_2_17_x86_64.manylinux2014_x86_64.whl (38.6 MB)
Collecting six==1.17.0
  Using cached six-1.17.0-py2.py3-none-any.whl (11 kB)
Collecting stack-data==0.6.3
  Using cached stack_data-0.6.3-py3-none-any.whl (24 kB)
Collecting tenacity==9.0.0
  Using cached tenacity-9.0.0-py3-none-any.whl (28 kB)
Collecting threadpoolctl==3.5.0
  Using cached threadpoolctl-3.5.0-py3-none-any.whl (18 kB)
Collecting tqdm==4.67.1
  Using cached tqdm-4.67.1-py3-none-any.whl (78 kB)
Collecting traitlets==5.14.3
  Using cached traitlets-5.14.3-py3-none-any.whl (85 kB)
Collecting typing_extensions==4.12.2
  Using cached typing_extensions-4.12.2-py3-none-any.whl (37 kB)
Collecting tzdata==2024.2
  Using cached tzdata-2024.2-py2.py3-none-any.whl (346 kB)
Collecting urllib3==2.2.3
  Using cached urllib3-2.2.3-py3-none-any.whl (126 kB)
Collecting wcwidth==0.2.13
  Using cached wcwidth-0.2.13-py2.py3-none-any.whl (34 kB)
Collecting Werkzeug==3.0.6
  Using cached werkzeug-3.0.6-py3-none-any.whl (227 kB)
Collecting widgetsnbextension==4.0.13
  Using cached widgetsnbextension-4.0.13-py3-none-any.whl (2.3 MB)
Collecting zipp==3.21.0
  Using cached zipp-3.21.0-py3-none-any.whl (9.6 kB)
Requirement already satisfied: setuptools in /usr/lib/python3.9/site-packages (from dash==2.18.2->-r requirements.txt (line 12)) (53.0.0)
Installing collected packages: rpds-py, attrs, zipp, wcwidth, traitlets, referencing, pure-eval, ptyprocess, parso, MarkupSafe, executing, asttokens, Werkzeug, urllib3, typing-extensions, tenacity, stack-data, six, Pygments, prompt-toolkit, platformdirs, pexpect, packaging, numpy, matplotlib-inline, jsonschema-specifications, Jinja2, jedi, itsdangerous, importlib-metadata, idna, exceptiongroup, decorator, click, charset-normalizer, certifi, blinker, widgetsnbextension, tzdata, threadpoolctl, scipy, retrying, requests, pytz, python-dateutil, pyparsing, plotly, pillow, nest-asyncio, kiwisolver, jupyterlab-widgets, jupyter-core, jsonschema, joblib, ipython, importlib-resources, fonttools, Flask, fastjsonschema, dash-table, dash-html-components, dash-core-components, cycler, contourpy, comm, tqdm, scikit-learn, PyYAML, pyquaternion, pandas, nbformat, matplotlib, ipywidgets, dash, ConfigArgParse, addict, open3d
