Defaulting to user installation because normal site-packages is not writeable
Collecting addict==2.4.0
  Using cached addict-2.4.0-py3-none-any.whl (3.8 kB)
Requirement already satisfied: asttokens==3.0.0 in /gpfs/helios/home/joshua1/.local/lib/python3.9/site-packages (from -r requirements.txt (line 2)) (3.0.0)
Requirement already satisfied: attrs==24.2.0 in /gpfs/helios/home/joshua1/.local/lib/python3.9/site-packages (from -r requirements.txt (line 3)) (24.2.0)
Requirement already satisfied: blinker==1.9.0 in /gpfs/helios/home/joshua1/.local/lib/python3.9/site-packages (from -r requirements.txt (line 4)) (1.9.0)
Requirement already satisfied: certifi==2024.12.14 in /gpfs/helios/home/joshua1/.local/lib/python3.9/site-packages (from -r requirements.txt (line 5)) (2024.12.14)
Requirement already satisfied: charset-normalizer==3.4.0 in /gpfs/helios/home/joshua1/.local/lib/python3.9/site-packages (from -r requirements.txt (line 6)) (3.4.0)
Requirement already satisfied: click==8.1.7 in /gpfs/helios/home/joshua1/.local/lib/python3.9/site-packages (from -r requirements.txt (line 7)) (8.1.7)
Collecting comm==0.2.2
  Using cached comm-0.2.2-py3-none-any.whl (7.2 kB)
Collecting ConfigArgParse==1.7
  Using cached ConfigArgParse-1.7-py3-none-any.whl (25 kB)
Collecting contourpy==1.3.0
  Using cached contourpy-1.3.0-cp39-cp39-manylinux_2_17_x86_64.manylinux2014_x86_64.whl (321 kB)
Collecting cycler==0.12.1
  Using cached cycler-0.12.1-py3-none-any.whl (8.3 kB)
Collecting dash==2.18.2
  Using cached dash-2.18.2-py3-none-any.whl (7.8 MB)
Collecting dash-core-components==2.0.0
  Using cached dash_core_components-2.0.0-py3-none-any.whl (3.8 kB)
Collecting dash-html-components==2.0.0
  Using cached dash_html_components-2.0.0-py3-none-any.whl (4.1 kB)
Collecting dash-table==5.0.0
  Using cached dash_table-5.0.0-py3-none-any.whl (3.9 kB)
Requirement already satisfied: decorator==5.1.1 in /gpfs/helios/home/joshua1/.local/lib/python3.9/site-packages (from -r requirements.txt (line 16)) (5.1.1)
Requirement already satisfied: exceptiongroup==1.2.2 in /gpfs/helios/home/joshua1/.local/lib/python3.9/site-packages (from -r requirements.txt (line 17)) (1.2.2)
Requirement already satisfied: executing==2.1.0 in /gpfs/helios/home/joshua1/.local/lib/python3.9/site-packages (from -r requirements.txt (line 18)) (2.1.0)
Collecting fastjsonschema==2.21.1
  Using cached fastjsonschema-2.21.1-py3-none-any.whl (23 kB)
Collecting Flask==3.0.3
  Using cached flask-3.0.3-py3-none-any.whl (101 kB)
Collecting fonttools==4.55.3
  Using cached fonttools-4.55.3-cp39-cp39-manylinux_2_17_x86_64.manylinux2014_x86_64.whl (4.6 MB)
Requirement already satisfied: idna==3.10 in /gpfs/helios/home/joshua1/.local/lib/python3.9/site-packages (from -r requirements.txt (line 22)) (3.10)
Requirement already satisfied: importlib_metadata==8.5.0 in /gpfs/helios/home/joshua1/.local/lib/python3.9/site-packages (from -r requirements.txt (line 23)) (8.5.0)
Collecting importlib_resources==6.4.5
  Using cached importlib_resources-6.4.5-py3-none-any.whl (36 kB)
Collecting ipython==8.18.1
  Using cached ipython-8.18.1-py3-none-any.whl (808 kB)
Collecting ipywidgets==8.1.5
  Using cached ipywidgets-8.1.5-py3-none-any.whl (139 kB)
Requirement already satisfied: itsdangerous==2.2.0 in /gpfs/helios/home/joshua1/.local/lib/python3.9/site-packages (from -r requirements.txt (line 27)) (2.2.0)
Requirement already satisfied: jedi==0.19.2 in /gpfs/helios/home/joshua1/.local/lib/python3.9/site-packages (from -r requirements.txt (line 28)) (0.19.2)
Requirement already satisfied: Jinja2==3.1.4 in /gpfs/helios/home/joshua1/.local/lib/python3.9/site-packages (from -r requirements.txt (line 29)) (3.1.4)
Collecting joblib==1.4.2
  Using cached joblib-1.4.2-py3-none-any.whl (301 kB)
Collecting jsonschema==4.23.0
  Using cached jsonschema-4.23.0-py3-none-any.whl (88 kB)
Requirement already satisfied: jsonschema-specifications==2024.10.1 in /gpfs/helios/home/joshua1/.local/lib/python3.9/site-packages (from -r requirements.txt (line 32)) (2024.10.1)
Collecting jupyter_core==5.7.2
  Using cached jupyter_core-5.7.2-py3-none-any.whl (28 kB)
Collecting jupyterlab_widgets==3.0.13
  Using cached jupyterlab_widgets-3.0.13-py3-none-any.whl (214 kB)
Collecting kiwisolver==1.4.7
  Using cached kiwisolver-1.4.7-cp39-cp39-manylinux_2_12_x86_64.manylinux2010_x86_64.whl (1.6 MB)
Requirement already satisfied: MarkupSafe==3.0.2 in /gpfs/helios/home/joshua1/.local/lib/python3.9/site-packages (from -r requirements.txt (line 36)) (3.0.2)
Collecting matplotlib==3.9.4
  Using cached matplotlib-3.9.4-cp39-cp39-manylinux_2_17_x86_64.manylinux2014_x86_64.whl (8.3 MB)
Requirement already satisfied: matplotlib-inline==0.1.7 in /gpfs/helios/home/joshua1/.local/lib/python3.9/site-packages (from -r requirements.txt (line 38)) (0.1.7)
Collecting nbformat==5.10.4
  Using cached nbformat-5.10.4-py3-none-any.whl (78 kB)
Collecting nest-asyncio==1.6.0
  Using cached nest_asyncio-1.6.0-py3-none-any.whl (5.2 kB)
Requirement already satisfied: numpy==2.0.2 in /gpfs/helios/home/joshua1/.local/lib/python3.9/site-packages (from -r requirements.txt (line 41)) (2.0.2)
Collecting open3d==0.18.0
  Using cached open3d-0.18.0-cp39-cp39-manylinux_2_27_x86_64.whl (399.7 MB)
Requirement already satisfied: packaging==24.2 in /gpfs/helios/home/joshua1/.local/lib/python3.9/site-packages (from -r requirements.txt (line 43)) (24.2)
Collecting pandas==2.2.3
  Using cached pandas-2.2.3-cp39-cp39-manylinux_2_17_x86_64.manylinux2014_x86_64.whl (13.1 MB)
Requirement already satisfied: parso==0.8.4 in /gpfs/helios/home/joshua1/.local/lib/python3.9/site-packages (from -r requirements.txt (line 45)) (0.8.4)
Requirement already satisfied: pexpect==4.9.0 in /gpfs/helios/home/joshua1/.local/lib/python3.9/site-packages (from -r requirements.txt (line 46)) (4.9.0)
Collecting pillow==11.0.0
  Using cached pillow-11.0.0-cp39-cp39-manylinux_2_28_x86_64.whl (4.4 MB)
Requirement already satisfied: platformdirs==4.3.6 in /gpfs/helios/home/joshua1/.local/lib/python3.9/site-packages (from -r requirements.txt (line 48)) (4.3.6)
Requirement already satisfied: plotly==5.24.1 in /gpfs/helios/home/joshua1/.local/lib/python3.9/site-packages (from -r requirements.txt (line 49)) (5.24.1)
Requirement already satisfied: prompt_toolkit==3.0.48 in /gpfs/helios/home/joshua1/.local/lib/python3.9/site-packages (from -r requirements.txt (line 50)) (3.0.48)
Requirement already satisfied: ptyprocess==0.7.0 in /gpfs/helios/home/joshua1/.local/lib/python3.9/site-packages (from -r requirements.txt (line 51)) (0.7.0)
Requirement already satisfied: pure_eval==0.2.3 in /gpfs/helios/home/joshua1/.local/lib/python3.9/site-packages (from -r requirements.txt (line 52)) (0.2.3)
Requirement already satisfied: Pygments==2.18.0 in /gpfs/helios/home/joshua1/.local/lib/python3.9/site-packages (from -r requirements.txt (line 53)) (2.18.0)
Requirement already satisfied: pyparsing==3.2.0 in /gpfs/helios/home/joshua1/.local/lib/python3.9/site-packages (from -r requirements.txt (line 54)) (3.2.0)
Collecting pyquaternion==0.9.9
  Using cached pyquaternion-0.9.9-py3-none-any.whl (14 kB)
Requirement already satisfied: python-dateutil==2.9.0.post0 in /gpfs/helios/home/joshua1/.local/lib/python3.9/site-packages (from -r requirements.txt (line 56)) (2.9.0.post0)
Requirement already satisfied: pytz==2024.2 in /gpfs/helios/home/joshua1/.local/lib/python3.9/site-packages (from -r requirements.txt (line 57)) (2024.2)
Collecting PyYAML==6.0.2
  Using cached PyYAML-6.0.2-cp39-cp39-manylinux_2_17_x86_64.manylinux2014_x86_64.whl (737 kB)
Requirement already satisfied: referencing==0.35.1 in /gpfs/helios/home/joshua1/.local/lib/python3.9/site-packages (from -r requirements.txt (line 59)) (0.35.1)
Requirement already satisfied: requests==2.32.3 in /gpfs/helios/home/joshua1/.local/lib/python3.9/site-packages (from -r requirements.txt (line 60)) (2.32.3)
Requirement already satisfied: retrying==1.3.4 in /gpfs/helios/home/joshua1/.local/lib/python3.9/site-packages (from -r requirements.txt (line 61)) (1.3.4)
Requirement already satisfied: rpds-py==0.22.3 in /gpfs/helios/home/joshua1/.local/lib/python3.9/site-packages (from -r requirements.txt (line 62)) (0.22.3)
Collecting scikit-learn==1.6.0
  Using cached scikit_learn-1.6.0-cp39-cp39-manylinux_2_17_x86_64.manylinux2014_x86_64.whl (13.5 MB)
Requirement already satisfied: scipy==1.13.1 in /gpfs/helios/home/joshua1/.local/lib/python3.9/site-packages (from -r requirements.txt (line 64)) (1.13.1)
Requirement already satisfied: six==1.17.0 in /gpfs/helios/home/joshua1/.local/lib/python3.9/site-packages (from -r requirements.txt (line 65)) (1.17.0)
Requirement already satisfied: stack-data==0.6.3 in /gpfs/helios/home/joshua1/.local/lib/python3.9/site-packages (from -r requirements.txt (line 66)) (0.6.3)
Requirement already satisfied: tenacity==9.0.0 in /gpfs/helios/home/joshua1/.local/lib/python3.9/site-packages (from -r requirements.txt (line 67)) (9.0.0)
Requirement already satisfied: threadpoolctl==3.5.0 in /gpfs/helios/home/joshua1/.local/lib/python3.9/site-packages (from -r requirements.txt (line 68)) (3.5.0)
Collecting tqdm==4.67.1
  Using cached tqdm-4.67.1-py3-none-any.whl (78 kB)
Requirement already satisfied: traitlets==5.14.3 in /gpfs/helios/home/joshua1/.local/lib/python3.9/site-packages (from -r requirements.txt (line 70)) (5.14.3)
Requirement already satisfied: typing_extensions==4.12.2 in /gpfs/helios/home/joshua1/.local/lib/python3.9/site-packages (from -r requirements.txt (line 71)) (4.12.2)
Requirement already satisfied: tzdata==2024.2 in /gpfs/helios/home/joshua1/.local/lib/python3.9/site-packages (from -r requirements.txt (line 72)) (2024.2)
Requirement already satisfied: urllib3==2.2.3 in /gpfs/helios/home/joshua1/.local/lib/python3.9/site-packages (from -r requirements.txt (line 73)) (2.2.3)
Requirement already satisfied: wcwidth==0.2.13 in /gpfs/helios/home/joshua1/.local/lib/python3.9/site-packages (from -r requirements.txt (line 74)) (0.2.13)
Requirement already satisfied: Werkzeug==3.0.6 in /gpfs/helios/home/joshua1/.local/lib/python3.9/site-packages (from -r requirements.txt (line 75)) (3.0.6)
Requirement already satisfied: widgetsnbextension==4.0.13 in /gpfs/helios/home/joshua1/.local/lib/python3.9/site-packages (from -r requirements.txt (line 76)) (4.0.13)
Requirement already satisfied: zipp==3.21.0 in /gpfs/helios/home/joshua1/.local/lib/python3.9/site-packages (from -r requirements.txt (line 77)) (3.21.0)
Requirement already satisfied: setuptools in /usr/lib/python3.9/site-packages (from dash==2.18.2->-r requirements.txt (line 12)) (53.0.0)
Installing collected packages: pillow, nest-asyncio, kiwisolver, jupyterlab-widgets, jupyter-core, jsonschema, joblib, ipython, importlib-resources, fonttools, Flask, fastjsonschema, dash-table, dash-html-components, dash-core-components, cycler, contourpy, comm, tqdm, scikit-learn, PyYAML, pyquaternion, pandas, nbformat, matplotlib, ipywidgets, dash, ConfigArgParse, addict, open3d
Successfully installed ConfigArgParse-1.7 Flask-3.0.3 PyYAML-6.0.2 addict-2.4.0 comm-0.2.2 contourpy-1.3.0 cycler-0.12.1 dash-2.18.2 dash-core-components-2.0.0 dash-html-components-2.0.0 dash-table-5.0.0 fastjsonschema-2.21.1 fonttools-4.55.3 importlib-resources-6.4.5 ipython-8.18.1 ipywidgets-8.1.5 joblib-1.4.2 jsonschema-4.23.0 jupyter-core-5.7.2 jupyterlab-widgets-3.0.13 kiwisolver-1.4.7 matplotlib-3.9.4 nbformat-5.10.4 nest-asyncio-1.6.0 open3d-0.18.0 pandas-2.2.3 pillow-11.0.0 pyquaternion-0.9.9 scikit-learn-1.6.0 tqdm-4.67.1
