WARNING: A conda environment already exists at '/gpfs/helios/home/joshua1/miniconda3/envs/o3d'

Remove existing environment?
This will remove ALL directories contained within this specified prefix directory, including any other conda environments.

 (y/[n])? 
Requirement already satisfied: open3d==0.15.2 in /gpfs/helios/home/joshua1/miniconda3/envs/o3d/lib/python3.8/site-packages (0.15.2)
Requirement already satisfied: numpy in /gpfs/helios/home/joshua1/miniconda3/envs/o3d/lib/python3.8/site-packages (1.24.4)
Requirement already satisfied: matplotlib in /gpfs/helios/home/joshua1/miniconda3/envs/o3d/lib/python3.8/site-packages (3.7.5)
Requirement already satisfied: setuptools>=40.8.0 in /gpfs/helios/home/joshua1/miniconda3/envs/o3d/lib/python3.8/site-packages (from open3d==0.15.2) (75.1.0)
Requirement already satisfied: wheel>=0.36.0 in /gpfs/helios/home/joshua1/miniconda3/envs/o3d/lib/python3.8/site-packages (from open3d==0.15.2) (0.44.0)
Requirement already satisfied: ipywidgets>=7.6.0 in /gpfs/helios/home/joshua1/miniconda3/envs/o3d/lib/python3.8/site-packages (from open3d==0.15.2) (8.1.5)
Requirement already satisfied: pygments>=2.7.4 in /gpfs/helios/home/joshua1/miniconda3/envs/o3d/lib/python3.8/site-packages (from open3d==0.15.2) (2.18.0)
Requirement already satisfied: jupyter-packaging~=0.10 in /gpfs/helios/home/joshua1/miniconda3/envs/o3d/lib/python3.8/site-packages (from open3d==0.15.2) (0.12.3)
Requirement already satisfied: jupyterlab==3.*,>=3.0.0 in /gpfs/helios/home/joshua1/miniconda3/envs/o3d/lib/python3.8/site-packages (from open3d==0.15.2) (3.6.8)
Requirement already satisfied: addict in /gpfs/helios/home/joshua1/miniconda3/envs/o3d/lib/python3.8/site-packages (from open3d==0.15.2) (2.4.0)
Requirement already satisfied: pillow>=8.2.0 in /gpfs/helios/home/joshua1/miniconda3/envs/o3d/lib/python3.8/site-packages (from open3d==0.15.2) (10.4.0)
Requirement already satisfied: pandas>=1.0 in /gpfs/helios/home/joshua1/miniconda3/envs/o3d/lib/python3.8/site-packages (from open3d==0.15.2) (2.0.3)
Requirement already satisfied: pyyaml>=5.4.1 in /gpfs/helios/home/joshua1/miniconda3/envs/o3d/lib/python3.8/site-packages (from open3d==0.15.2) (6.0.2)
Requirement already satisfied: scikit-learn>=0.21 in /gpfs/helios/home/joshua1/miniconda3/envs/o3d/lib/python3.8/site-packages (from open3d==0.15.2) (1.3.2)
Requirement already satisfied: tqdm in /gpfs/helios/home/joshua1/miniconda3/envs/o3d/lib/python3.8/site-packages (from open3d==0.15.2) (4.67.1)
Requirement already satisfied: pyquaternion in /gpfs/helios/home/joshua1/miniconda3/envs/o3d/lib/python3.8/site-packages (from open3d==0.15.2) (0.9.9)
Requirement already satisfied: ipython in /gpfs/helios/home/joshua1/miniconda3/envs/o3d/lib/python3.8/site-packages (from jupyterlab==3.*,>=3.0.0->open3d==0.15.2) (8.12.3)
Requirement already satisfied: packaging in /gpfs/helios/home/joshua1/miniconda3/envs/o3d/lib/python3.8/site-packages (from jupyterlab==3.*,>=3.0.0->open3d==0.15.2) (24.2)
Requirement already satisfied: tornado>=6.1.0 in /gpfs/helios/home/joshua1/miniconda3/envs/o3d/lib/python3.8/site-packages (from jupyterlab==3.*,>=3.0.0->open3d==0.15.2) (6.4.2)
Requirement already satisfied: jupyter-core in /gpfs/helios/home/joshua1/miniconda3/envs/o3d/lib/python3.8/site-packages (from jupyterlab==3.*,>=3.0.0->open3d==0.15.2) (5.7.2)
Requirement already satisfied: jupyterlab-server~=2.19 in /gpfs/helios/home/joshua1/miniconda3/envs/o3d/lib/python3.8/site-packages (from jupyterlab==3.*,>=3.0.0->open3d==0.15.2) (2.27.3)
Requirement already satisfied: jupyter-server<3,>=1.16.0 in /gpfs/helios/home/joshua1/miniconda3/envs/o3d/lib/python3.8/site-packages (from jupyterlab==3.*,>=3.0.0->open3d==0.15.2) (2.14.2)
Requirement already satisfied: jupyter-ydoc~=0.2.4 in /gpfs/helios/home/joshua1/miniconda3/envs/o3d/lib/python3.8/site-packages (from jupyterlab==3.*,>=3.0.0->open3d==0.15.2) (0.2.5)
Requirement already satisfied: jupyter-server-ydoc~=0.8.0 in /gpfs/helios/home/joshua1/miniconda3/envs/o3d/lib/python3.8/site-packages (from jupyterlab==3.*,>=3.0.0->open3d==0.15.2) (0.8.0)
Requirement already satisfied: nbclassic in /gpfs/helios/home/joshua1/miniconda3/envs/o3d/lib/python3.8/site-packages (from jupyterlab==3.*,>=3.0.0->open3d==0.15.2) (1.1.0)
Requirement already satisfied: notebook<7 in /gpfs/helios/home/joshua1/miniconda3/envs/o3d/lib/python3.8/site-packages (from jupyterlab==3.*,>=3.0.0->open3d==0.15.2) (6.5.7)
Requirement already satisfied: jinja2>=2.1 in /gpfs/helios/home/joshua1/miniconda3/envs/o3d/lib/python3.8/site-packages (from jupyterlab==3.*,>=3.0.0->open3d==0.15.2) (3.1.4)
Requirement already satisfied: tomli in /gpfs/helios/home/joshua1/miniconda3/envs/o3d/lib/python3.8/site-packages (from jupyterlab==3.*,>=3.0.0->open3d==0.15.2) (2.2.1)
Requirement already satisfied: contourpy>=1.0.1 in /gpfs/helios/home/joshua1/miniconda3/envs/o3d/lib/python3.8/site-packages (from matplotlib) (1.1.1)
Requirement already satisfied: cycler>=0.10 in /gpfs/helios/home/joshua1/miniconda3/envs/o3d/lib/python3.8/site-packages (from matplotlib) (0.12.1)
Requirement already satisfied: fonttools>=4.22.0 in /gpfs/helios/home/joshua1/miniconda3/envs/o3d/lib/python3.8/site-packages (from matplotlib) (4.55.3)
Requirement already satisfied: kiwisolver>=1.0.1 in /gpfs/helios/home/joshua1/miniconda3/envs/o3d/lib/python3.8/site-packages (from matplotlib) (1.4.7)
Requirement already satisfied: pyparsing>=2.3.1 in /gpfs/helios/home/joshua1/miniconda3/envs/o3d/lib/python3.8/site-packages (from matplotlib) (3.1.4)
Requirement already satisfied: python-dateutil>=2.7 in /gpfs/helios/home/joshua1/miniconda3/envs/o3d/lib/python3.8/site-packages (from matplotlib) (2.9.0.post0)
Requirement already satisfied: importlib-resources>=3.2.0 in /gpfs/helios/home/joshua1/miniconda3/envs/o3d/lib/python3.8/site-packages (from matplotlib) (6.4.5)
Requirement already satisfied: zipp>=3.1.0 in /gpfs/helios/home/joshua1/miniconda3/envs/o3d/lib/python3.8/site-packages (from importlib-resources>=3.2.0->matplotlib) (3.20.2)
Requirement already satisfied: comm>=0.1.3 in /gpfs/helios/home/joshua1/miniconda3/envs/o3d/lib/python3.8/site-packages (from ipywidgets>=7.6.0->open3d==0.15.2) (0.2.2)
Requirement already satisfied: traitlets>=4.3.1 in /gpfs/helios/home/joshua1/miniconda3/envs/o3d/lib/python3.8/site-packages (from ipywidgets>=7.6.0->open3d==0.15.2) (5.14.3)
Requirement already satisfied: widgetsnbextension~=4.0.12 in /gpfs/helios/home/joshua1/miniconda3/envs/o3d/lib/python3.8/site-packages (from ipywidgets>=7.6.0->open3d==0.15.2) (4.0.13)
Requirement already satisfied: jupyterlab-widgets~=3.0.12 in /gpfs/helios/home/joshua1/miniconda3/envs/o3d/lib/python3.8/site-packages (from ipywidgets>=7.6.0->open3d==0.15.2) (3.0.13)
Requirement already satisfied: deprecation in /gpfs/helios/home/joshua1/miniconda3/envs/o3d/lib/python3.8/site-packages (from jupyter-packaging~=0.10->open3d==0.15.2) (2.1.0)
Requirement already satisfied: tomlkit in /gpfs/helios/home/joshua1/miniconda3/envs/o3d/lib/python3.8/site-packages (from jupyter-packaging~=0.10->open3d==0.15.2) (0.13.2)
Requirement already satisfied: pytz>=2020.1 in /gpfs/helios/home/joshua1/miniconda3/envs/o3d/lib/python3.8/site-packages (from pandas>=1.0->open3d==0.15.2) (2024.2)
Requirement already satisfied: tzdata>=2022.1 in /gpfs/helios/home/joshua1/miniconda3/envs/o3d/lib/python3.8/site-packages (from pandas>=1.0->open3d==0.15.2) (2024.2)
Requirement already satisfied: six>=1.5 in /gpfs/helios/home/joshua1/miniconda3/envs/o3d/lib/python3.8/site-packages (from python-dateutil>=2.7->matplotlib) (1.17.0)
Requirement already satisfied: scipy>=1.5.0 in /gpfs/helios/home/joshua1/miniconda3/envs/o3d/lib/python3.8/site-packages (from scikit-learn>=0.21->open3d==0.15.2) (1.10.1)
Requirement already satisfied: joblib>=1.1.1 in /gpfs/helios/home/joshua1/miniconda3/envs/o3d/lib/python3.8/site-packages (from scikit-learn>=0.21->open3d==0.15.2) (1.4.2)
Requirement already satisfied: threadpoolctl>=2.0.0 in /gpfs/helios/home/joshua1/miniconda3/envs/o3d/lib/python3.8/site-packages (from scikit-learn>=0.21->open3d==0.15.2) (3.5.0)
Requirement already satisfied: backcall in /gpfs/helios/home/joshua1/miniconda3/envs/o3d/lib/python3.8/site-packages (from ipython->jupyterlab==3.*,>=3.0.0->open3d==0.15.2) (0.2.0)
Requirement already satisfied: decorator in /gpfs/helios/home/joshua1/miniconda3/envs/o3d/lib/python3.8/site-packages (from ipython->jupyterlab==3.*,>=3.0.0->open3d==0.15.2) (5.1.1)
Requirement already satisfied: jedi>=0.16 in /gpfs/helios/home/joshua1/miniconda3/envs/o3d/lib/python3.8/site-packages (from ipython->jupyterlab==3.*,>=3.0.0->open3d==0.15.2) (0.19.2)
Requirement already satisfied: matplotlib-inline in /gpfs/helios/home/joshua1/miniconda3/envs/o3d/lib/python3.8/site-packages (from ipython->jupyterlab==3.*,>=3.0.0->open3d==0.15.2) (0.1.7)
Requirement already satisfied: pickleshare in /gpfs/helios/home/joshua1/miniconda3/envs/o3d/lib/python3.8/site-packages (from ipython->jupyterlab==3.*,>=3.0.0->open3d==0.15.2) (0.7.5)
Requirement already satisfied: prompt-toolkit!=3.0.37,<3.1.0,>=3.0.30 in /gpfs/helios/home/joshua1/miniconda3/envs/o3d/lib/python3.8/site-packages (from ipython->jupyterlab==3.*,>=3.0.0->open3d==0.15.2) (3.0.48)
Requirement already satisfied: stack-data in /gpfs/helios/home/joshua1/miniconda3/envs/o3d/lib/python3.8/site-packages (from ipython->jupyterlab==3.*,>=3.0.0->open3d==0.15.2) (0.6.3)
Requirement already satisfied: typing-extensions in /gpfs/helios/home/joshua1/miniconda3/envs/o3d/lib/python3.8/site-packages (from ipython->jupyterlab==3.*,>=3.0.0->open3d==0.15.2) (4.12.2)
Requirement already satisfied: pexpect>4.3 in /gpfs/helios/home/joshua1/miniconda3/envs/o3d/lib/python3.8/site-packages (from ipython->jupyterlab==3.*,>=3.0.0->open3d==0.15.2) (4.9.0)
Requirement already satisfied: MarkupSafe>=2.0 in /gpfs/helios/home/joshua1/miniconda3/envs/o3d/lib/python3.8/site-packages (from jinja2>=2.1->jupyterlab==3.*,>=3.0.0->open3d==0.15.2) (2.1.5)
Requirement already satisfied: anyio>=3.1.0 in /gpfs/helios/home/joshua1/miniconda3/envs/o3d/lib/python3.8/site-packages (from jupyter-server<3,>=1.16.0->jupyterlab==3.*,>=3.0.0->open3d==0.15.2) (4.5.2)
Requirement already satisfied: argon2-cffi>=21.1 in /gpfs/helios/home/joshua1/miniconda3/envs/o3d/lib/python3.8/site-packages (from jupyter-server<3,>=1.16.0->jupyterlab==3.*,>=3.0.0->open3d==0.15.2) (23.1.0)
Requirement already satisfied: jupyter-client>=7.4.4 in /gpfs/helios/home/joshua1/miniconda3/envs/o3d/lib/python3.8/site-packages (from jupyter-server<3,>=1.16.0->jupyterlab==3.*,>=3.0.0->open3d==0.15.2) (7.4.9)
Requirement already satisfied: jupyter-events>=0.9.0 in /gpfs/helios/home/joshua1/miniconda3/envs/o3d/lib/python3.8/site-packages (from jupyter-server<3,>=1.16.0->jupyterlab==3.*,>=3.0.0->open3d==0.15.2) (0.10.0)
Requirement already satisfied: jupyter-server-terminals>=0.4.4 in /gpfs/helios/home/joshua1/miniconda3/envs/o3d/lib/python3.8/site-packages (from jupyter-server<3,>=1.16.0->jupyterlab==3.*,>=3.0.0->open3d==0.15.2) (0.5.3)
Requirement already satisfied: nbconvert>=6.4.4 in /gpfs/helios/home/joshua1/miniconda3/envs/o3d/lib/python3.8/site-packages (from jupyter-server<3,>=1.16.0->jupyterlab==3.*,>=3.0.0->open3d==0.15.2) (7.16.4)
Requirement already satisfied: nbformat>=5.3.0 in /gpfs/helios/home/joshua1/miniconda3/envs/o3d/lib/python3.8/site-packages (from jupyter-server<3,>=1.16.0->jupyterlab==3.*,>=3.0.0->open3d==0.15.2) (5.10.4)
Requirement already satisfied: overrides>=5.0 in /gpfs/helios/home/joshua1/miniconda3/envs/o3d/lib/python3.8/site-packages (from jupyter-server<3,>=1.16.0->jupyterlab==3.*,>=3.0.0->open3d==0.15.2) (7.7.0)
Requirement already satisfied: prometheus-client>=0.9 in /gpfs/helios/home/joshua1/miniconda3/envs/o3d/lib/python3.8/site-packages (from jupyter-server<3,>=1.16.0->jupyterlab==3.*,>=3.0.0->open3d==0.15.2) (0.21.1)
Requirement already satisfied: pyzmq>=24 in /gpfs/helios/home/joshua1/miniconda3/envs/o3d/lib/python3.8/site-packages (from jupyter-server<3,>=1.16.0->jupyterlab==3.*,>=3.0.0->open3d==0.15.2) (26.2.0)
Requirement already satisfied: send2trash>=1.8.2 in /gpfs/helios/home/joshua1/miniconda3/envs/o3d/lib/python3.8/site-packages (from jupyter-server<3,>=1.16.0->jupyterlab==3.*,>=3.0.0->open3d==0.15.2) (1.8.3)
Requirement already satisfied: terminado>=0.8.3 in /gpfs/helios/home/joshua1/miniconda3/envs/o3d/lib/python3.8/site-packages (from jupyter-server<3,>=1.16.0->jupyterlab==3.*,>=3.0.0->open3d==0.15.2) (0.18.1)
Requirement already satisfied: websocket-client>=1.7 in /gpfs/helios/home/joshua1/miniconda3/envs/o3d/lib/python3.8/site-packages (from jupyter-server<3,>=1.16.0->jupyterlab==3.*,>=3.0.0->open3d==0.15.2) (1.8.0)
Requirement already satisfied: platformdirs>=2.5 in /gpfs/helios/home/joshua1/miniconda3/envs/o3d/lib/python3.8/site-packages (from jupyter-core->jupyterlab==3.*,>=3.0.0->open3d==0.15.2) (4.3.6)
Requirement already satisfied: jupyter-server-fileid<1,>=0.6.0 in /gpfs/helios/home/joshua1/miniconda3/envs/o3d/lib/python3.8/site-packages (from jupyter-server-ydoc~=0.8.0->jupyterlab==3.*,>=3.0.0->open3d==0.15.2) (0.9.3)
Requirement already satisfied: ypy-websocket<0.9.0,>=0.8.2 in /gpfs/helios/home/joshua1/miniconda3/envs/o3d/lib/python3.8/site-packages (from jupyter-server-ydoc~=0.8.0->jupyterlab==3.*,>=3.0.0->open3d==0.15.2) (0.8.4)
Requirement already satisfied: importlib-metadata>=3.6 in /gpfs/helios/home/joshua1/miniconda3/envs/o3d/lib/python3.8/site-packages (from jupyter-ydoc~=0.2.4->jupyterlab==3.*,>=3.0.0->open3d==0.15.2) (8.5.0)
Requirement already satisfied: y-py<0.7.0,>=0.6.0 in /gpfs/helios/home/joshua1/miniconda3/envs/o3d/lib/python3.8/site-packages (from jupyter-ydoc~=0.2.4->jupyterlab==3.*,>=3.0.0->open3d==0.15.2) (0.6.2)
Requirement already satisfied: babel>=2.10 in /gpfs/helios/home/joshua1/miniconda3/envs/o3d/lib/python3.8/site-packages (from jupyterlab-server~=2.19->jupyterlab==3.*,>=3.0.0->open3d==0.15.2) (2.16.0)
Requirement already satisfied: json5>=0.9.0 in /gpfs/helios/home/joshua1/miniconda3/envs/o3d/lib/python3.8/site-packages (from jupyterlab-server~=2.19->jupyterlab==3.*,>=3.0.0->open3d==0.15.2) (0.10.0)
Requirement already satisfied: jsonschema>=4.18.0 in /gpfs/helios/home/joshua1/miniconda3/envs/o3d/lib/python3.8/site-packages (from jupyterlab-server~=2.19->jupyterlab==3.*,>=3.0.0->open3d==0.15.2) (4.23.0)
Requirement already satisfied: requests>=2.31 in /gpfs/helios/home/joshua1/miniconda3/envs/o3d/lib/python3.8/site-packages (from jupyterlab-server~=2.19->jupyterlab==3.*,>=3.0.0->open3d==0.15.2) (2.32.3)
Requirement already satisfied: ipython-genutils in /gpfs/helios/home/joshua1/miniconda3/envs/o3d/lib/python3.8/site-packages (from notebook<7->jupyterlab==3.*,>=3.0.0->open3d==0.15.2) (0.2.0)
Requirement already satisfied: nest-asyncio>=1.5 in /gpfs/helios/home/joshua1/miniconda3/envs/o3d/lib/python3.8/site-packages (from notebook<7->jupyterlab==3.*,>=3.0.0->open3d==0.15.2) (1.6.0)
Requirement already satisfied: ipykernel in /gpfs/helios/home/joshua1/miniconda3/envs/o3d/lib/python3.8/site-packages (from notebook<7->jupyterlab==3.*,>=3.0.0->open3d==0.15.2) (6.29.5)
Requirement already satisfied: notebook-shim>=0.2.3 in /gpfs/helios/home/joshua1/miniconda3/envs/o3d/lib/python3.8/site-packages (from nbclassic->jupyterlab==3.*,>=3.0.0->open3d==0.15.2) (0.2.4)
Requirement already satisfied: idna>=2.8 in /gpfs/helios/home/joshua1/miniconda3/envs/o3d/lib/python3.8/site-packages (from anyio>=3.1.0->jupyter-server<3,>=1.16.0->jupyterlab==3.*,>=3.0.0->open3d==0.15.2) (3.10)
Requirement already satisfied: sniffio>=1.1 in /gpfs/helios/home/joshua1/miniconda3/envs/o3d/lib/python3.8/site-packages (from anyio>=3.1.0->jupyter-server<3,>=1.16.0->jupyterlab==3.*,>=3.0.0->open3d==0.15.2) (1.3.1)
Requirement already satisfied: exceptiongroup>=1.0.2 in /gpfs/helios/home/joshua1/miniconda3/envs/o3d/lib/python3.8/site-packages (from anyio>=3.1.0->jupyter-server<3,>=1.16.0->jupyterlab==3.*,>=3.0.0->open3d==0.15.2) (1.2.2)
Requirement already satisfied: argon2-cffi-bindings in /gpfs/helios/home/joshua1/miniconda3/envs/o3d/lib/python3.8/site-packages (from argon2-cffi>=21.1->jupyter-server<3,>=1.16.0->jupyterlab==3.*,>=3.0.0->open3d==0.15.2) (21.2.0)
Requirement already satisfied: parso<0.9.0,>=0.8.4 in /gpfs/helios/home/joshua1/miniconda3/envs/o3d/lib/python3.8/site-packages (from jedi>=0.16->ipython->jupyterlab==3.*,>=3.0.0->open3d==0.15.2) (0.8.4)
Requirement already satisfied: attrs>=22.2.0 in /gpfs/helios/home/joshua1/miniconda3/envs/o3d/lib/python3.8/site-packages (from jsonschema>=4.18.0->jupyterlab-server~=2.19->jupyterlab==3.*,>=3.0.0->open3d==0.15.2) (24.2.0)
Requirement already satisfied: jsonschema-specifications>=2023.03.6 in /gpfs/helios/home/joshua1/miniconda3/envs/o3d/lib/python3.8/site-packages (from jsonschema>=4.18.0->jupyterlab-server~=2.19->jupyterlab==3.*,>=3.0.0->open3d==0.15.2) (2023.12.1)
Requirement already satisfied: pkgutil-resolve-name>=1.3.10 in /gpfs/helios/home/joshua1/miniconda3/envs/o3d/lib/python3.8/site-packages (from jsonschema>=4.18.0->jupyterlab-server~=2.19->jupyterlab==3.*,>=3.0.0->open3d==0.15.2) (1.3.10)
Requirement already satisfied: referencing>=0.28.4 in /gpfs/helios/home/joshua1/miniconda3/envs/o3d/lib/python3.8/site-packages (from jsonschema>=4.18.0->jupyterlab-server~=2.19->jupyterlab==3.*,>=3.0.0->open3d==0.15.2) (0.35.1)
Requirement already satisfied: rpds-py>=0.7.1 in /gpfs/helios/home/joshua1/miniconda3/envs/o3d/lib/python3.8/site-packages (from jsonschema>=4.18.0->jupyterlab-server~=2.19->jupyterlab==3.*,>=3.0.0->open3d==0.15.2) (0.20.1)
Requirement already satisfied: entrypoints in /gpfs/helios/home/joshua1/miniconda3/envs/o3d/lib/python3.8/site-packages (from jupyter-client>=7.4.4->jupyter-server<3,>=1.16.0->jupyterlab==3.*,>=3.0.0->open3d==0.15.2) (0.4)
Requirement already satisfied: python-json-logger>=2.0.4 in /gpfs/helios/home/joshua1/miniconda3/envs/o3d/lib/python3.8/site-packages (from jupyter-events>=0.9.0->jupyter-server<3,>=1.16.0->jupyterlab==3.*,>=3.0.0->open3d==0.15.2) (3.2.0)
Requirement already satisfied: rfc3339-validator in /gpfs/helios/home/joshua1/miniconda3/envs/o3d/lib/python3.8/site-packages (from jupyter-events>=0.9.0->jupyter-server<3,>=1.16.0->jupyterlab==3.*,>=3.0.0->open3d==0.15.2) (0.1.4)
Requirement already satisfied: rfc3986-validator>=0.1.1 in /gpfs/helios/home/joshua1/miniconda3/envs/o3d/lib/python3.8/site-packages (from jupyter-events>=0.9.0->jupyter-server<3,>=1.16.0->jupyterlab==3.*,>=3.0.0->open3d==0.15.2) (0.1.1)
Requirement already satisfied: beautifulsoup4 in /gpfs/helios/home/joshua1/miniconda3/envs/o3d/lib/python3.8/site-packages (from nbconvert>=6.4.4->jupyter-server<3,>=1.16.0->jupyterlab==3.*,>=3.0.0->open3d==0.15.2) (4.12.3)
Requirement already satisfied: bleach!=5.0.0 in /gpfs/helios/home/joshua1/miniconda3/envs/o3d/lib/python3.8/site-packages (from nbconvert>=6.4.4->jupyter-server<3,>=1.16.0->jupyterlab==3.*,>=3.0.0->open3d==0.15.2) (6.1.0)
Requirement already satisfied: defusedxml in /gpfs/helios/home/joshua1/miniconda3/envs/o3d/lib/python3.8/site-packages (from nbconvert>=6.4.4->jupyter-server<3,>=1.16.0->jupyterlab==3.*,>=3.0.0->open3d==0.15.2) (0.7.1)
Requirement already satisfied: jupyterlab-pygments in /gpfs/helios/home/joshua1/miniconda3/envs/o3d/lib/python3.8/site-packages (from nbconvert>=6.4.4->jupyter-server<3,>=1.16.0->jupyterlab==3.*,>=3.0.0->open3d==0.15.2) (0.3.0)
Requirement already satisfied: mistune<4,>=2.0.3 in /gpfs/helios/home/joshua1/miniconda3/envs/o3d/lib/python3.8/site-packages (from nbconvert>=6.4.4->jupyter-server<3,>=1.16.0->jupyterlab==3.*,>=3.0.0->open3d==0.15.2) (3.0.2)
Requirement already satisfied: nbclient>=0.5.0 in /gpfs/helios/home/joshua1/miniconda3/envs/o3d/lib/python3.8/site-packages (from nbconvert>=6.4.4->jupyter-server<3,>=1.16.0->jupyterlab==3.*,>=3.0.0->open3d==0.15.2) (0.10.1)
Requirement already satisfied: pandocfilters>=1.4.1 in /gpfs/helios/home/joshua1/miniconda3/envs/o3d/lib/python3.8/site-packages (from nbconvert>=6.4.4->jupyter-server<3,>=1.16.0->jupyterlab==3.*,>=3.0.0->open3d==0.15.2) (1.5.1)
Requirement already satisfied: tinycss2 in /gpfs/helios/home/joshua1/miniconda3/envs/o3d/lib/python3.8/site-packages (from nbconvert>=6.4.4->jupyter-server<3,>=1.16.0->jupyterlab==3.*,>=3.0.0->open3d==0.15.2) (1.4.0)
Requirement already satisfied: fastjsonschema>=2.15 in /gpfs/helios/home/joshua1/miniconda3/envs/o3d/lib/python3.8/site-packages (from nbformat>=5.3.0->jupyter-server<3,>=1.16.0->jupyterlab==3.*,>=3.0.0->open3d==0.15.2) (2.21.1)
Requirement already satisfied: ptyprocess>=0.5 in /gpfs/helios/home/joshua1/miniconda3/envs/o3d/lib/python3.8/site-packages (from pexpect>4.3->ipython->jupyterlab==3.*,>=3.0.0->open3d==0.15.2) (0.7.0)
Requirement already satisfied: wcwidth in /gpfs/helios/home/joshua1/miniconda3/envs/o3d/lib/python3.8/site-packages (from prompt-toolkit!=3.0.37,<3.1.0,>=3.0.30->ipython->jupyterlab==3.*,>=3.0.0->open3d==0.15.2) (0.2.13)
Requirement already satisfied: charset-normalizer<4,>=2 in /gpfs/helios/home/joshua1/miniconda3/envs/o3d/lib/python3.8/site-packages (from requests>=2.31->jupyterlab-server~=2.19->jupyterlab==3.*,>=3.0.0->open3d==0.15.2) (3.4.0)
Requirement already satisfied: urllib3<3,>=1.21.1 in /gpfs/helios/home/joshua1/miniconda3/envs/o3d/lib/python3.8/site-packages (from requests>=2.31->jupyterlab-server~=2.19->jupyterlab==3.*,>=3.0.0->open3d==0.15.2) (2.2.3)
Requirement already satisfied: certifi>=2017.4.17 in /gpfs/helios/home/joshua1/miniconda3/envs/o3d/lib/python3.8/site-packages (from requests>=2.31->jupyterlab-server~=2.19->jupyterlab==3.*,>=3.0.0->open3d==0.15.2) (2024.12.14)
Requirement already satisfied: aiofiles<23,>=22.1.0 in /gpfs/helios/home/joshua1/miniconda3/envs/o3d/lib/python3.8/site-packages (from ypy-websocket<0.9.0,>=0.8.2->jupyter-server-ydoc~=0.8.0->jupyterlab==3.*,>=3.0.0->open3d==0.15.2) (22.1.0)
Requirement already satisfied: aiosqlite<1,>=0.17.0 in /gpfs/helios/home/joshua1/miniconda3/envs/o3d/lib/python3.8/site-packages (from ypy-websocket<0.9.0,>=0.8.2->jupyter-server-ydoc~=0.8.0->jupyterlab==3.*,>=3.0.0->open3d==0.15.2) (0.20.0)
Requirement already satisfied: debugpy>=1.6.5 in /gpfs/helios/home/joshua1/miniconda3/envs/o3d/lib/python3.8/site-packages (from ipykernel->notebook<7->jupyterlab==3.*,>=3.0.0->open3d==0.15.2) (1.8.11)
Requirement already satisfied: psutil in /gpfs/helios/home/joshua1/miniconda3/envs/o3d/lib/python3.8/site-packages (from ipykernel->notebook<7->jupyterlab==3.*,>=3.0.0->open3d==0.15.2) (6.1.0)
Requirement already satisfied: executing>=1.2.0 in /gpfs/helios/home/joshua1/miniconda3/envs/o3d/lib/python3.8/site-packages (from stack-data->ipython->jupyterlab==3.*,>=3.0.0->open3d==0.15.2) (2.1.0)
Requirement already satisfied: asttokens>=2.1.0 in /gpfs/helios/home/joshua1/miniconda3/envs/o3d/lib/python3.8/site-packages (from stack-data->ipython->jupyterlab==3.*,>=3.0.0->open3d==0.15.2) (3.0.0)
Requirement already satisfied: pure-eval in /gpfs/helios/home/joshua1/miniconda3/envs/o3d/lib/python3.8/site-packages (from stack-data->ipython->jupyterlab==3.*,>=3.0.0->open3d==0.15.2) (0.2.3)
Requirement already satisfied: webencodings in /gpfs/helios/home/joshua1/miniconda3/envs/o3d/lib/python3.8/site-packages (from bleach!=5.0.0->nbconvert>=6.4.4->jupyter-server<3,>=1.16.0->jupyterlab==3.*,>=3.0.0->open3d==0.15.2) (0.5.1)
Requirement already satisfied: fqdn in /gpfs/helios/home/joshua1/miniconda3/envs/o3d/lib/python3.8/site-packages (from jsonschema[format-nongpl]>=4.18.0->jupyter-events>=0.9.0->jupyter-server<3,>=1.16.0->jupyterlab==3.*,>=3.0.0->open3d==0.15.2) (1.5.1)
Requirement already satisfied: isoduration in /gpfs/helios/home/joshua1/miniconda3/envs/o3d/lib/python3.8/site-packages (from jsonschema[format-nongpl]>=4.18.0->jupyter-events>=0.9.0->jupyter-server<3,>=1.16.0->jupyterlab==3.*,>=3.0.0->open3d==0.15.2) (20.11.0)
Requirement already satisfied: jsonpointer>1.13 in /gpfs/helios/home/joshua1/miniconda3/envs/o3d/lib/python3.8/site-packages (from jsonschema[format-nongpl]>=4.18.0->jupyter-events>=0.9.0->jupyter-server<3,>=1.16.0->jupyterlab==3.*,>=3.0.0->open3d==0.15.2) (3.0.0)
Requirement already satisfied: uri-template in /gpfs/helios/home/joshua1/miniconda3/envs/o3d/lib/python3.8/site-packages (from jsonschema[format-nongpl]>=4.18.0->jupyter-events>=0.9.0->jupyter-server<3,>=1.16.0->jupyterlab==3.*,>=3.0.0->open3d==0.15.2) (1.3.0)
Requirement already satisfied: webcolors>=24.6.0 in /gpfs/helios/home/joshua1/miniconda3/envs/o3d/lib/python3.8/site-packages (from jsonschema[format-nongpl]>=4.18.0->jupyter-events>=0.9.0->jupyter-server<3,>=1.16.0->jupyterlab==3.*,>=3.0.0->open3d==0.15.2) (24.8.0)
Requirement already satisfied: cffi>=1.0.1 in /gpfs/helios/home/joshua1/miniconda3/envs/o3d/lib/python3.8/site-packages (from argon2-cffi-bindings->argon2-cffi>=21.1->jupyter-server<3,>=1.16.0->jupyterlab==3.*,>=3.0.0->open3d==0.15.2) (1.17.1)
Requirement already satisfied: soupsieve>1.2 in /gpfs/helios/home/joshua1/miniconda3/envs/o3d/lib/python3.8/site-packages (from beautifulsoup4->nbconvert>=6.4.4->jupyter-server<3,>=1.16.0->jupyterlab==3.*,>=3.0.0->open3d==0.15.2) (2.6)
Requirement already satisfied: pycparser in /gpfs/helios/home/joshua1/miniconda3/envs/o3d/lib/python3.8/site-packages (from cffi>=1.0.1->argon2-cffi-bindings->argon2-cffi>=21.1->jupyter-server<3,>=1.16.0->jupyterlab==3.*,>=3.0.0->open3d==0.15.2) (2.22)
Requirement already satisfied: arrow>=0.15.0 in /gpfs/helios/home/joshua1/miniconda3/envs/o3d/lib/python3.8/site-packages (from isoduration->jsonschema[format-nongpl]>=4.18.0->jupyter-events>=0.9.0->jupyter-server<3,>=1.16.0->jupyterlab==3.*,>=3.0.0->open3d==0.15.2) (1.3.0)
Requirement already satisfied: types-python-dateutil>=2.8.10 in /gpfs/helios/home/joshua1/miniconda3/envs/o3d/lib/python3.8/site-packages (from arrow>=0.15.0->isoduration->jsonschema[format-nongpl]>=4.18.0->jupyter-events>=0.9.0->jupyter-server<3,>=1.16.0->jupyterlab==3.*,>=3.0.0->open3d==0.15.2) (2.9.0.20241206)
